<?xml version="1.0" encoding="UTF-8"?>
<testsuite xmlns:xsi="http://www.w3.org/2001/XMLSchema-instance" xsi:noNamespaceSchemaLocation="https://maven.apache.org/surefire/maven-surefire-plugin/xsd/surefire-test-report-3.0.xsd" version="3.0" name="br.unb.tppe.campeonato.SorteioRodadasTest" time="0.024" tests="12" errors="0" skipped="0" failures="0">
  <properties>
[...]
</properties>
  <testcase name="testPartidasUnicas" classname="br.unb.tppe.campeonato.SorteioRodadasTest" time="0.004"/>
  <testcase name="testPartidasUnicas" classname="br.unb.tppe.campeonato.SorteioRodadasTest" time="0.001"/>
  <testcase name="testNumeroDeRodadas" classname="br.unb.tppe.campeonato.SorteioRodadasTest" time="0.001"/>
  <testcase name="testNumeroDeRodadas" classname="br.unb.tppe.campeonato.SorteioRodadasTest" time="0.0"/>
  <testcase name="testSortearSem20Times" classname="br.unb.tppe.campeonato.SorteioRodadasTest" time="0.002"/>
  <testcase name="testSortearSem20Times" classname="br.unb.tppe.campeonato.SorteioRodadasTest" time="0.001"/>
  <testcase name="testCadaTimeEnfrentaOutro2Vezes" classname="br.unb.tppe.campeonato.SorteioRodadasTest" time="0.019"/>
  <testcase name="testCadaTimeEnfrentaOutro2Vezes" classname="br.unb.tppe.campeonato.SorteioRodadasTest" time="0.006"/>
  <testcase name="testAcessarRodadaPorNumero" classname="br.unb.tppe.campeonato.SorteioRodadasTest" time="0.001"/>
  <testcase name="testAcessarRodadaPorNumero" classname="br.unb.tppe.campeonato.SorteioRodadasTest" time="0.0"/>
  <testcase name="testPartidasPorRodada" classname="br.unb.tppe.campeonato.SorteioRodadasTest" time="0.001"/>
  <testcase name="testPartidasPorRodada" classname="br.unb.tppe.campeonato.SorteioRodadasTest" time="0.001"/>
  <testcase name="testTotalDePartidas" classname="br.unb.tppe.campeonato.SorteioRodadasTest" time="0.0"/>
  <testcase name="testTotalDePartidas" classname="br.unb.tppe.campeonato.SorteioRodadasTest" time="0.002"/>
  <testcase name="testTimeNaoJogaContraSiMesmo" classname="br.unb.tppe.campeonato.SorteioRodadasTest" time="0.001"/>
  <testcase name="testTimeNaoJogaContraSiMesmo" classname="br.unb.tppe.campeonato.SorteioRodadasTest" time="0.0"/>
  <testcase name="testCadaTimeJoga38Vezes" classname="br.unb.tppe.campeonato.SorteioRodadasTest" time="0.001"/>
  <testcase name="testCadaTimeJoga38Vezes" classname="br.unb.tppe.campeonato.SorteioRodadasTest" time="0.001"/>
  <testcase name="testTurnoEReturno" classname="br.unb.tppe.campeonato.SorteioRodadasTest" time="0.015"/>
  <testcase name="testTurnoEReturno" classname="br.unb.tppe.campeonato.SorteioRodadasTest" time="0.005"/>
  <testcase name="testNaoExistePartidasDuplicadas" classname="br.unb.tppe.campeonato.SorteioRodadasTest" time="0.001"/>
  <testcase name="testNaoExistePartidasDuplicadas" classname="br.unb.tppe.campeonato.SorteioRodadasTest" time="0.0"/>
  <testcase name="testAcessarRodadaInvalida" classname="br.unb.tppe.campeonato.SorteioRodadasTest" time="0.001"/>
  <testcase name="testAcessarRodadaInvalida" classname="br.unb.tppe.campeonato.SorteioRodadasTest" time="0.0"/>
</testsuite>